[2026-02-10 18:03:04.752292] ** Submodules: 18701.3 seconds
[2026-02-10 18:03:04.904590] ** Placement: 0.2 seconds
[2026-02-11 22:59:00.068004] ** Routing: 104155.2 seconds
[2026-02-11 22:59:00.082560] ** Verification: 0.0 seconds
[2026-02-11 22:59:00.082672] ** SRAM creation: 122856.7 seconds
[2026-02-11 22:59:00.082704] SP: Writing to /localhome/kanishka/neuromorphic/sram/PeraMorphIQ-SRAM-Compiler_2/outputs/sram_1024b_2048_1rw_freepdk45_sram_1024x2048_8h.sp
[2026-02-11 22:59:01.870236] ** Spice writing: 1.8 seconds
[2026-02-11 22:59:01.870343] DELAY: Writing stimulus...
[2026-02-11 22:59:05.109904] WARNING: file simulation.py: line 618: Could not find bl net in timing paths (using analytical delay, so continuing with dummy name).

[2026-02-11 22:59:05.189835] WARNING: file simulation.py: line 618: Could not find br net in timing paths (using analytical delay, so continuing with dummy name).

[2026-02-11 22:59:05.190299] WARNING: file simulation.py: line 538: Error occurred while determining bitline names. Can cause faults in simulation.

[2026-02-11 22:59:05.190625] WARNING: file simulation.py: line 544: Error occurred while determining bitline names. Can cause faults in simulation.

[2026-02-11 22:59:05.192093] WARNING: file bitcell_array.py: line 129: Cell (4095, 511) not found in array (likely multi-bank config). Using placeholder for analytical delay.

[2026-02-11 22:59:05.192719] WARNING: file bitcell_array.py: line 129: Cell (4095, 511) not found in array (likely multi-bank config). Using placeholder for analytical delay.

[2026-02-11 22:59:05.193238] WARNING: file delay.py: line 278: Found 0 paths which contain the bitline net (expected 1). Using dummy path for analytical delay.

[2026-02-11 22:59:05.193922] WARNING: file bitcell_array.py: line 129: Cell (4095, 511) not found in array (likely multi-bank config). Using placeholder for analytical delay.

[2026-02-11 22:59:05.194461] WARNING: file bitcell_array.py: line 129: Cell (4095, 511) not found in array (likely multi-bank config). Using placeholder for analytical delay.

[2026-02-11 22:59:05.194802] WARNING: file delay.py: line 381: Probe Address's number of bits (14) does not match bank_addr_size (11) - expected in multi-bank configs with analytical delay.

[2026-02-11 22:59:05.195325] WARNING: file simulation.py: line 180: Address size (14) doesn't match bank_addr_size (11) - adjusting for multi-bank config with analytical delay.

[2026-02-11 22:59:05.195744] WARNING: file simulation.py: line 180: Address size (14) doesn't match bank_addr_size (11) - adjusting for multi-bank config with analytical delay.

[2026-02-11 22:59:05.196211] WARNING: file simulation.py: line 180: Address size (14) doesn't match bank_addr_size (11) - adjusting for multi-bank config with analytical delay.

[2026-02-11 22:59:05.196657] WARNING: file simulation.py: line 180: Address size (14) doesn't match bank_addr_size (11) - adjusting for multi-bank config with analytical delay.

[2026-02-11 22:59:05.197173] WARNING: file simulation.py: line 180: Address size (14) doesn't match bank_addr_size (11) - adjusting for multi-bank config with analytical delay.

[2026-02-11 22:59:05.197675] WARNING: file simulation.py: line 180: Address size (14) doesn't match bank_addr_size (11) - adjusting for multi-bank config with analytical delay.

[2026-02-11 22:59:05.198184] WARNING: file simulation.py: line 180: Address size (14) doesn't match bank_addr_size (11) - adjusting for multi-bank config with analytical delay.

[2026-02-11 22:59:05.198678] WARNING: file simulation.py: line 180: Address size (14) doesn't match bank_addr_size (11) - adjusting for multi-bank config with analytical delay.

[2026-02-11 22:59:05.204567] ** DELAY: 3.3 seconds
[2026-02-11 22:59:07.133852] GDS: Writing to /localhome/kanishka/neuromorphic/sram/PeraMorphIQ-SRAM-Compiler_2/outputs/sram_1024b_2048_1rw_freepdk45_sram_1024x2048_8h.gds
[2026-02-11 22:59:10.907389] ** GDS: 3.8 seconds
[2026-02-11 22:59:10.907496] LEF: Writing to /localhome/kanishka/neuromorphic/sram/PeraMorphIQ-SRAM-Compiler_2/outputs/sram_1024b_2048_1rw_freepdk45_sram_1024x2048_8h.lef
[2026-02-11 22:59:10.952683] ** LEF: 0.0 seconds
[2026-02-11 22:59:10.952745] LVS: Writing to /localhome/kanishka/neuromorphic/sram/PeraMorphIQ-SRAM-Compiler_2/outputs/sram_1024b_2048_1rw_freepdk45_sram_1024x2048_8h.lvs.sp
[2026-02-11 22:59:12.607279] ** LVS writing: 1.7 seconds
[2026-02-11 22:59:12.607387] LIB: Characterizing... 
[2026-02-11 23:00:56.962582] ** Characterization: 104.4 seconds
[2026-02-11 23:00:56.962746] Config: Writing to /localhome/kanishka/neuromorphic/sram/PeraMorphIQ-SRAM-Compiler_2/outputs/sram_1024b_2048_1rw_freepdk45.py
[2026-02-11 23:00:56.962773] ** Config: 0.0 seconds
[2026-02-11 23:00:56.967156] Datasheet: Writing to /localhome/kanishka/neuromorphic/sram/PeraMorphIQ-SRAM-Compiler_2/outputs/sram_1024b_2048_1rw_freepdk45_sram_1024x2048_8h.html
[2026-02-11 23:00:56.974709] ** Datasheet: 0.0 seconds
[2026-02-11 23:00:56.974764] Verilog: Writing to /localhome/kanishka/neuromorphic/sram/PeraMorphIQ-SRAM-Compiler_2/outputs/sram_1024b_2048_1rw_freepdk45_sram_1024x2048_8h.v
[2026-02-11 23:00:56.977750] ** Verilog: 0.0 seconds
